[2024-09-28T21:20:12.174-0300] [INFO] [main] Hello world
[2024-09-28T21:28:37.782-0300] [INFO] [main] Hello world
[2024-09-28T21:29:18.922-0300] [INFO] [main] Hello world
[2024-09-28T21:30:50.137-0300] [TRACE] [main] Hello world
[2024-09-28T21:30:50.137-0300] [DEBUG] [main] Debug message
[2024-09-28T21:30:50.138-0300] [DEBUG2] [main] Debug2 message
[2024-09-28T21:30:50.138-0300] [INFO] [main] Hello world
[2024-09-28T21:30:50.139-0300] [INFO2] [main] Hello world
[2024-09-28T21:30:50.139-0300] [WARNING] [main] Debug2 message
[2024-09-28T21:30:50.139-0300] [ERROR] [main] Hello world
[2024-09-28T21:30:50.140-0300] [CRITICAL] [main] Hello world
[2024-09-28T21:31:06.820-0300] [TRACE] [main] Hello world
[2024-09-28T21:31:06.820-0300] [DEBUG] [main] Debug message
[2024-09-28T21:31:06.821-0300] [DEBUG2] [main] Debug2 message
[2024-09-28T21:31:06.822-0300] [INFO] [main] Hello world
[2024-09-28T21:31:06.822-0300] [INFO2] [main] Hello world
[2024-09-28T21:31:06.822-0300] [WARNING] [main] Debug2 message
[2024-09-28T21:31:06.823-0300] [ERROR] [main] Hello world
[2024-09-28T21:31:06.823-0300] [CRITICAL] [main] Hello world
[2024-09-28T21:37:18.641-0300] [TRACE] [main] Hello world
[2024-09-28T21:37:18.641-0300] [DEBUG] [main] Debug message
[2024-09-28T21:37:18.642-0300] [DEBUG2] [main] Debug2 message
[2024-09-28T21:37:18.642-0300] [INFO] [main] Hello world
[2024-09-28T21:37:18.642-0300] [INFO2] [main] Hello world
[2024-09-28T21:37:18.643-0300] [WARNING] [main] Debug2 message
[2024-09-28T21:37:36.732-0300] [TRACE] [main] Hello world
[2024-09-28T21:37:36.733-0300] [DEBUG] [main] Debug message
[2024-09-29T12:36:59.543-0300] [TRACE] [main] Hello world
[2024-09-29T12:36:59.543-0300] [DEBUG] [main] Debug message
[2024-09-29T12:36:59.543-0300] [DEBUG2] [main] Debug2 message
[2024-09-29T12:36:59.544-0300] [INFO] [main] Hello world
[2024-09-29T12:36:59.544-0300] [INFO2] [main] Hello world
[2024-09-29T12:36:59.544-0300] [WARNING] [main] Debug2 message
[2024-09-29T12:36:59.545-0300] [ERROR] [main] Hello world
[2024-09-29T12:36:59.545-0300] [CRITICAL] [main] Hello world
